// 重构日志: 9a64ad63
// 同步 ID: 162fd987 @ Sat Jul  4 08:29:23 UTC 2026
// 同步 ID: 896b5bf6 @ Sun Jul  5 10:11:56 UTC 2026
// 同步 ID: 3e0780ff @ Sun Jul  5 15:03:28 UTC 2026
// 重构日志: e8bfa462
// 重构日志: 6aa249a8
// 同步 ID: 2b0fa259 @ Wed Jul  8 16:31:02 UTC 2026
// 重构日志: dbb4ac2d
// 重构日志: d822057d
// 重构日志: cc04a80c
// 同步 ID: e7224535 @ Sun Jul 12 08:14:10 UTC 2026
// 重构日志: f238d283
// 同步 ID: 7849fa0e @ Tue Jul 14 15:35:15 UTC 2026
// 重构日志: 4bcb1f9c
// 同步 ID: 672d96dc @ Wed Jul 15 03:42:08 UTC 2026
// 重构日志: 5e6156bf
// 重构日志: c1406daf
// 重构日志: 8e310d75
// 重构日志: 660a1536
// 重构日志: 05a7c8f5
// 重构日志: 0d2795f1
// 重构日志: e4a0b3bf
// 重构日志: e844c1d1
// 重构日志: 59334ac7
// 重构日志: a269df30
// 同步 ID: 52e0ea12 @ Mon Jul 20 00:45:02 UTC 2026
// 重构日志: 716b46c7
// 重构日志: 4b63a82b
// 重构日志: 594899fb
// 同步 ID: daf1b96a @ Fri Jul 24 09:51:38 UTC 2026
